<?xml version="1.0" encoding="UTF-8"?>
<testsuite xmlns:xsi="http://www.w3.org/2001/XMLSchema-instance" xsi:noNamespaceSchemaLocation="https://maven.apache.org/surefire/maven-surefire-plugin/xsd/surefire-test-report.xsd" name="com.qzh.BlogApplicationTests" time="9.066" tests="1" errors="0" skipped="0" failures="0">
  <properties>
    <property name="sun.desktop" value="windows"/>
    <property name="awt.toolkit" value="sun.awt.windows.WToolkit"/>
    <property name="file.encoding.pkg" value="sun.io"/>
    <property name="java.specification.version" value="1.8"/>
    <property name="sun.cpu.isalist" value="amd64"/>
    <property name="sun.jnu.encoding" value="GBK"/>
    <property name="java.class.path" value="F:\IdeaProjects\springBoot\blog\target\test-classes;F:\IdeaProjects\springBoot\blog\target\classes;G:\JavaWeb_install\maven\repository\org\mybatis\spring\boot\mybatis-spring-boot-starter\2.1.4\mybatis-spring-boot-starter-2.1.4.jar;G:\JavaWeb_install\maven\repository\org\springframework\boot\spring-boot-starter\2.4.1\spring-boot-starter-2.4.1.jar;G:\JavaWeb_install\maven\repository\org\springframework\boot\spring-boot-starter-logging\2.4.1\spring-boot-starter-logging-2.4.1.jar;G:\JavaWeb_install\maven\repository\ch\qos\logback\logback-classic\1.2.3\logback-classic-1.2.3.jar;G:\JavaWeb_install\maven\repository\ch\qos\logback\logback-core\1.2.3\logback-core-1.2.3.jar;G:\JavaWeb_install\maven\repository\org\apache\logging\log4j\log4j-to-slf4j\2.13.3\log4j-to-slf4j-2.13.3.jar;G:\JavaWeb_install\maven\repository\org\apache\logging\log4j\log4j-api\2.13.3\log4j-api-2.13.3.jar;G:\JavaWeb_install\maven\repository\org\slf4j\jul-to-slf4j\1.7.30\jul-to-slf4j-1.7.30.jar;G:\JavaWeb_install\maven\repository\jakarta\annotation\jakarta.annotation-api\1.3.5\jakarta.annotation-api-1.3.5.jar;G:\JavaWeb_install\maven\repository\org\yaml\snakeyaml\1.27\snakeyaml-1.27.jar;G:\JavaWeb_install\maven\repository\org\mybatis\spring\boot\mybatis-spring-boot-autoconfigure\2.1.4\mybatis-spring-boot-autoconfigure-2.1.4.jar;G:\JavaWeb_install\maven\repository\org\mybatis\mybatis\3.5.6\mybatis-3.5.6.jar;G:\JavaWeb_install\maven\repository\org\mybatis\mybatis-spring\2.0.6\mybatis-spring-2.0.6.jar;G:\JavaWeb_install\maven\repository\org\springframework\boot\spring-boot-starter-data-jpa\2.4.1\spring-boot-starter-data-jpa-2.4.1.jar;G:\JavaWeb_install\maven\repository\jakarta\transaction\jakarta.transaction-api\1.3.3\jakarta.transaction-api-1.3.3.jar;G:\JavaWeb_install\maven\repository\jakarta\persistence\jakarta.persistence-api\2.2.3\jakarta.persistence-api-2.2.3.jar;G:\JavaWeb_install\maven\repository\org\hibernate\hibernate-core\5.4.25.Final\hibernate-core-5.4.25.Final.jar;G:\JavaWeb_install\maven\repository\org\javassist\javassist\3.27.0-GA\javassist-3.27.0-GA.jar;G:\JavaWeb_install\maven\repository\net\bytebuddy\byte-buddy\1.10.18\byte-buddy-1.10.18.jar;G:\JavaWeb_install\maven\repository\antlr\antlr\2.7.7\antlr-2.7.7.jar;G:\JavaWeb_install\maven\repository\org\jboss\jandex\2.1.3.Final\jandex-2.1.3.Final.jar;G:\JavaWeb_install\maven\repository\org\dom4j\dom4j\2.1.3\dom4j-2.1.3.jar;G:\JavaWeb_install\maven\repository\org\hibernate\common\hibernate-commons-annotations\5.1.2.Final\hibernate-commons-annotations-5.1.2.Final.jar;G:\JavaWeb_install\maven\repository\org\glassfish\jaxb\jaxb-runtime\2.3.3\jaxb-runtime-2.3.3.jar;G:\JavaWeb_install\maven\repository\org\glassfish\jaxb\txw2\2.3.3\txw2-2.3.3.jar;G:\JavaWeb_install\maven\repository\com\sun\istack\istack-commons-runtime\3.0.11\istack-commons-runtime-3.0.11.jar;G:\JavaWeb_install\maven\repository\com\sun\activation\jakarta.activation\1.2.2\jakarta.activation-1.2.2.jar;G:\JavaWeb_install\maven\repository\org\springframework\data\spring-data-jpa\2.4.2\spring-data-jpa-2.4.2.jar;G:\JavaWeb_install\maven\repository\org\springframework\data\spring-data-commons\2.4.2\spring-data-commons-2.4.2.jar;G:\JavaWeb_install\maven\repository\org\springframework\spring-orm\5.3.2\spring-orm-5.3.2.jar;G:\JavaWeb_install\maven\repository\org\springframework\spring-context\5.3.2\spring-context-5.3.2.jar;G:\JavaWeb_install\maven\repository\org\springframework\spring-tx\5.3.2\spring-tx-5.3.2.jar;G:\JavaWeb_install\maven\repository\org\springframework\spring-beans\5.3.2\spring-beans-5.3.2.jar;G:\JavaWeb_install\maven\repository\org\slf4j\slf4j-api\1.7.30\slf4j-api-1.7.30.jar;G:\JavaWeb_install\maven\repository\org\springframework\spring-aspects\5.3.2\spring-aspects-5.3.2.jar;G:\JavaWeb_install\maven\repository\com\atlassian\commonmark\commonmark\0.10.0\commonmark-0.10.0.jar;G:\JavaWeb_install\maven\repository\com\atlassian\commonmark\commonmark-ext-heading-anchor\0.10.0\commonmark-ext-heading-anchor-0.10.0.jar;G:\JavaWeb_install\maven\repository\com\atlassian\commonmark\commonmark-ext-gfm-tables\0.10.0\commonmark-ext-gfm-tables-0.10.0.jar;G:\JavaWeb_install\maven\repository\org\springframework\boot\spring-boot-starter-jdbc\2.4.1\spring-boot-starter-jdbc-2.4.1.jar;G:\JavaWeb_install\maven\repository\com\zaxxer\HikariCP\3.4.5\HikariCP-3.4.5.jar;G:\JavaWeb_install\maven\repository\org\springframework\spring-jdbc\5.3.2\spring-jdbc-5.3.2.jar;G:\JavaWeb_install\maven\repository\org\springframework\boot\spring-boot-starter-aop\2.4.1\spring-boot-starter-aop-2.4.1.jar;G:\JavaWeb_install\maven\repository\org\springframework\spring-aop\5.3.2\spring-aop-5.3.2.jar;G:\JavaWeb_install\maven\repository\org\aspectj\aspectjweaver\1.9.6\aspectjweaver-1.9.6.jar;G:\JavaWeb_install\maven\repository\org\springframework\boot\spring-boot-starter-thymeleaf\2.4.1\spring-boot-starter-thymeleaf-2.4.1.jar;G:\JavaWeb_install\maven\repository\org\thymeleaf\thymeleaf-spring5\3.0.11.RELEASE\thymeleaf-spring5-3.0.11.RELEASE.jar;G:\JavaWeb_install\maven\repository\org\thymeleaf\thymeleaf\3.0.11.RELEASE\thymeleaf-3.0.11.RELEASE.jar;G:\JavaWeb_install\maven\repository\org\attoparser\attoparser\2.0.5.RELEASE\attoparser-2.0.5.RELEASE.jar;G:\JavaWeb_install\maven\repository\org\unbescape\unbescape\1.1.6.RELEASE\unbescape-1.1.6.RELEASE.jar;G:\JavaWeb_install\maven\repository\org\thymeleaf\extras\thymeleaf-extras-java8time\3.0.4.RELEASE\thymeleaf-extras-java8time-3.0.4.RELEASE.jar;G:\JavaWeb_install\maven\repository\org\springframework\boot\spring-boot-starter-web\2.4.1\spring-boot-starter-web-2.4.1.jar;G:\JavaWeb_install\maven\repository\org\springframework\boot\spring-boot-starter-json\2.4.1\spring-boot-starter-json-2.4.1.jar;G:\JavaWeb_install\maven\repository\com\fasterxml\jackson\core\jackson-databind\2.11.3\jackson-databind-2.11.3.jar;G:\JavaWeb_install\maven\repository\com\fasterxml\jackson\core\jackson-annotations\2.11.3\jackson-annotations-2.11.3.jar;G:\JavaWeb_install\maven\repository\com\fasterxml\jackson\core\jackson-core\2.11.3\jackson-core-2.11.3.jar;G:\JavaWeb_install\maven\repository\com\fasterxml\jackson\datatype\jackson-datatype-jdk8\2.11.3\jackson-datatype-jdk8-2.11.3.jar;G:\JavaWeb_install\maven\repository\com\fasterxml\jackson\datatype\jackson-datatype-jsr310\2.11.3\jackson-datatype-jsr310-2.11.3.jar;G:\JavaWeb_install\maven\repository\com\fasterxml\jackson\module\jackson-module-parameter-names\2.11.3\jackson-module-parameter-names-2.11.3.jar;G:\JavaWeb_install\maven\repository\org\springframework\boot\spring-boot-starter-tomcat\2.4.1\spring-boot-starter-tomcat-2.4.1.jar;G:\JavaWeb_install\maven\repository\org\apache\tomcat\embed\tomcat-embed-core\9.0.41\tomcat-embed-core-9.0.41.jar;G:\JavaWeb_install\maven\repository\org\glassfish\jakarta.el\3.0.3\jakarta.el-3.0.3.jar;G:\JavaWeb_install\maven\repository\org\apache\tomcat\embed\tomcat-embed-websocket\9.0.41\tomcat-embed-websocket-9.0.41.jar;G:\JavaWeb_install\maven\repository\org\springframework\spring-web\5.3.2\spring-web-5.3.2.jar;G:\JavaWeb_install\maven\repository\org\springframework\spring-webmvc\5.3.2\spring-webmvc-5.3.2.jar;G:\JavaWeb_install\maven\repository\org\springframework\spring-expression\5.3.2\spring-expression-5.3.2.jar;G:\JavaWeb_install\maven\repository\org\springframework\boot\spring-boot-devtools\2.4.1\spring-boot-devtools-2.4.1.jar;G:\JavaWeb_install\maven\repository\org\springframework\boot\spring-boot\2.4.1\spring-boot-2.4.1.jar;G:\JavaWeb_install\maven\repository\org\springframework\boot\spring-boot-autoconfigure\2.4.1\spring-boot-autoconfigure-2.4.1.jar;G:\JavaWeb_install\maven\repository\mysql\mysql-connector-java\8.0.22\mysql-connector-java-8.0.22.jar;G:\JavaWeb_install\maven\repository\org\projectlombok\lombok\1.18.16\lombok-1.18.16.jar;G:\JavaWeb_install\maven\repository\org\springframework\boot\spring-boot-starter-test\2.4.1\spring-boot-starter-test-2.4.1.jar;G:\JavaWeb_install\maven\repository\org\springframework\boot\spring-boot-test\2.4.1\spring-boot-test-2.4.1.jar;G:\JavaWeb_install\maven\repository\org\springframework\boot\spring-boot-test-autoconfigure\2.4.1\spring-boot-test-autoconfigure-2.4.1.jar;G:\JavaWeb_install\maven\repository\com\jayway\jsonpath\json-path\2.4.0\json-path-2.4.0.jar;G:\JavaWeb_install\maven\repository\net\minidev\json-smart\2.3\json-smart-2.3.jar;G:\JavaWeb_install\maven\repository\net\minidev\accessors-smart\1.2\accessors-smart-1.2.jar;G:\JavaWeb_install\maven\repository\org\ow2\asm\asm\5.0.4\asm-5.0.4.jar;G:\JavaWeb_install\maven\repository\jakarta\xml\bind\jakarta.xml.bind-api\2.3.3\jakarta.xml.bind-api-2.3.3.jar;G:\JavaWeb_install\maven\repository\jakarta\activation\jakarta.activation-api\1.2.2\jakarta.activation-api-1.2.2.jar;G:\JavaWeb_install\maven\repository\org\assertj\assertj-core\3.18.1\assertj-core-3.18.1.jar;G:\JavaWeb_install\maven\repository\org\hamcrest\hamcrest\2.2\hamcrest-2.2.jar;G:\JavaWeb_install\maven\repository\org\junit\jupiter\junit-jupiter\5.7.0\junit-jupiter-5.7.0.jar;G:\JavaWeb_install\maven\repository\org\junit\jupiter\junit-jupiter-api\5.7.0\junit-jupiter-api-5.7.0.jar;G:\JavaWeb_install\maven\repository\org\apiguardian\apiguardian-api\1.1.0\apiguardian-api-1.1.0.jar;G:\JavaWeb_install\maven\repository\org\opentest4j\opentest4j\1.2.0\opentest4j-1.2.0.jar;G:\JavaWeb_install\maven\repository\org\junit\platform\junit-platform-commons\1.7.0\junit-platform-commons-1.7.0.jar;G:\JavaWeb_install\maven\repository\org\junit\jupiter\junit-jupiter-params\5.7.0\junit-jupiter-params-5.7.0.jar;G:\JavaWeb_install\maven\repository\org\junit\jupiter\junit-jupiter-engine\5.7.0\junit-jupiter-engine-5.7.0.jar;G:\JavaWeb_install\maven\repository\org\junit\platform\junit-platform-engine\1.7.0\junit-platform-engine-1.7.0.jar;G:\JavaWeb_install\maven\repository\org\mockito\mockito-core\3.6.28\mockito-core-3.6.28.jar;G:\JavaWeb_install\maven\repository\net\bytebuddy\byte-buddy-agent\1.10.18\byte-buddy-agent-1.10.18.jar;G:\JavaWeb_install\maven\repository\org\objenesis\objenesis\3.1\objenesis-3.1.jar;G:\JavaWeb_install\maven\repository\org\mockito\mockito-junit-jupiter\3.6.28\mockito-junit-jupiter-3.6.28.jar;G:\JavaWeb_install\maven\repository\org\skyscreamer\jsonassert\1.5.0\jsonassert-1.5.0.jar;G:\JavaWeb_install\maven\repository\com\vaadin\external\google\android-json\0.0.20131108.vaadin1\android-json-0.0.20131108.vaadin1.jar;G:\JavaWeb_install\maven\repository\org\springframework\spring-core\5.3.2\spring-core-5.3.2.jar;G:\JavaWeb_install\maven\repository\org\springframework\spring-jcl\5.3.2\spring-jcl-5.3.2.jar;G:\JavaWeb_install\maven\repository\org\springframework\spring-test\5.3.2\spring-test-5.3.2.jar;G:\JavaWeb_install\maven\repository\org\xmlunit\xmlunit-core\2.7.0\xmlunit-core-2.7.0.jar;G:\JavaWeb_install\maven\repository\org\hibernate\validator\hibernate-validator\6.1.6.Final\hibernate-validator-6.1.6.Final.jar;G:\JavaWeb_install\maven\repository\jakarta\validation\jakarta.validation-api\2.0.2\jakarta.validation-api-2.0.2.jar;G:\JavaWeb_install\maven\repository\org\jboss\logging\jboss-logging\3.4.1.Final\jboss-logging-3.4.1.Final.jar;G:\JavaWeb_install\maven\repository\com\fasterxml\classmate\1.5.1\classmate-1.5.1.jar;"/>
    <property name="java.vm.vendor" value="Oracle Corporation"/>
    <property name="sun.arch.data.model" value="64"/>
    <property name="user.variant" value=""/>
    <property name="java.vendor.url" value="http://java.oracle.com/"/>
    <property name="user.timezone" value="GMT+08:00"/>
    <property name="java.vm.specification.version" value="1.8"/>
    <property name="os.name" value="Windows 10"/>
    <property name="user.country" value="CN"/>
    <property name="sun.java.launcher" value="SUN_STANDARD"/>
    <property name="sun.boot.library.path" value="E:\Java\jdk1.8.0_172\jre\bin"/>
    <property name="sun.java.command" value="C:\Users\qzh\AppData\Local\Temp\surefire3763032717142686273\surefirebooter3123736932151672091.jar C:\Users\qzh\AppData\Local\Temp\surefire3763032717142686273 2021-03-21T12-31-08_801-jvmRun1 surefire496654712224703615tmp surefire_0540657196162217793tmp"/>
    <property name="surefire.test.class.path" value="F:\IdeaProjects\springBoot\blog\target\test-classes;F:\IdeaProjects\springBoot\blog\target\classes;G:\JavaWeb_install\maven\repository\org\mybatis\spring\boot\mybatis-spring-boot-starter\2.1.4\mybatis-spring-boot-starter-2.1.4.jar;G:\JavaWeb_install\maven\repository\org\springframework\boot\spring-boot-starter\2.4.1\spring-boot-starter-2.4.1.jar;G:\JavaWeb_install\maven\repository\org\springframework\boot\spring-boot-starter-logging\2.4.1\spring-boot-starter-logging-2.4.1.jar;G:\JavaWeb_install\maven\repository\ch\qos\logback\logback-classic\1.2.3\logback-classic-1.2.3.jar;G:\JavaWeb_install\maven\repository\ch\qos\logback\logback-core\1.2.3\logback-core-1.2.3.jar;G:\JavaWeb_install\maven\repository\org\apache\logging\log4j\log4j-to-slf4j\2.13.3\log4j-to-slf4j-2.13.3.jar;G:\JavaWeb_install\maven\repository\org\apache\logging\log4j\log4j-api\2.13.3\log4j-api-2.13.3.jar;G:\JavaWeb_install\maven\repository\org\slf4j\jul-to-slf4j\1.7.30\jul-to-slf4j-1.7.30.jar;G:\JavaWeb_install\maven\repository\jakarta\annotation\jakarta.annotation-api\1.3.5\jakarta.annotation-api-1.3.5.jar;G:\JavaWeb_install\maven\repository\org\yaml\snakeyaml\1.27\snakeyaml-1.27.jar;G:\JavaWeb_install\maven\repository\org\mybatis\spring\boot\mybatis-spring-boot-autoconfigure\2.1.4\mybatis-spring-boot-autoconfigure-2.1.4.jar;G:\JavaWeb_install\maven\repository\org\mybatis\mybatis\3.5.6\mybatis-3.5.6.jar;G:\JavaWeb_install\maven\repository\org\mybatis\mybatis-spring\2.0.6\mybatis-spring-2.0.6.jar;G:\JavaWeb_install\maven\repository\org\springframework\boot\spring-boot-starter-data-jpa\2.4.1\spring-boot-starter-data-jpa-2.4.1.jar;G:\JavaWeb_install\maven\repository\jakarta\transaction\jakarta.transaction-api\1.3.3\jakarta.transaction-api-1.3.3.jar;G:\JavaWeb_install\maven\repository\jakarta\persistence\jakarta.persistence-api\2.2.3\jakarta.persistence-api-2.2.3.jar;G:\JavaWeb_install\maven\repository\org\hibernate\hibernate-core\5.4.25.Final\hibernate-core-5.4.25.Final.jar;G:\JavaWeb_install\maven\repository\org\javassist\javassist\3.27.0-GA\javassist-3.27.0-GA.jar;G:\JavaWeb_install\maven\repository\net\bytebuddy\byte-buddy\1.10.18\byte-buddy-1.10.18.jar;G:\JavaWeb_install\maven\repository\antlr\antlr\2.7.7\antlr-2.7.7.jar;G:\JavaWeb_install\maven\repository\org\jboss\jandex\2.1.3.Final\jandex-2.1.3.Final.jar;G:\JavaWeb_install\maven\repository\org\dom4j\dom4j\2.1.3\dom4j-2.1.3.jar;G:\JavaWeb_install\maven\repository\org\hibernate\common\hibernate-commons-annotations\5.1.2.Final\hibernate-commons-annotations-5.1.2.Final.jar;G:\JavaWeb_install\maven\repository\org\glassfish\jaxb\jaxb-runtime\2.3.3\jaxb-runtime-2.3.3.jar;G:\JavaWeb_install\maven\repository\org\glassfish\jaxb\txw2\2.3.3\txw2-2.3.3.jar;G:\JavaWeb_install\maven\repository\com\sun\istack\istack-commons-runtime\3.0.11\istack-commons-runtime-3.0.11.jar;G:\JavaWeb_install\maven\repository\com\sun\activation\jakarta.activation\1.2.2\jakarta.activation-1.2.2.jar;G:\JavaWeb_install\maven\repository\org\springframework\data\spring-data-jpa\2.4.2\spring-data-jpa-2.4.2.jar;G:\JavaWeb_install\maven\repository\org\springframework\data\spring-data-commons\2.4.2\spring-data-commons-2.4.2.jar;G:\JavaWeb_install\maven\repository\org\springframework\spring-orm\5.3.2\spring-orm-5.3.2.jar;G:\JavaWeb_install\maven\repository\org\springframework\spring-context\5.3.2\spring-context-5.3.2.jar;G:\JavaWeb_install\maven\repository\org\springframework\spring-tx\5.3.2\spring-tx-5.3.2.jar;G:\JavaWeb_install\maven\repository\org\springframework\spring-beans\5.3.2\spring-beans-5.3.2.jar;G:\JavaWeb_install\maven\repository\org\slf4j\slf4j-api\1.7.30\slf4j-api-1.7.30.jar;G:\JavaWeb_install\maven\repository\org\springframework\spring-aspects\5.3.2\spring-aspects-5.3.2.jar;G:\JavaWeb_install\maven\repository\com\atlassian\commonmark\commonmark\0.10.0\commonmark-0.10.0.jar;G:\JavaWeb_install\maven\repository\com\atlassian\commonmark\commonmark-ext-heading-anchor\0.10.0\commonmark-ext-heading-anchor-0.10.0.jar;G:\JavaWeb_install\maven\repository\com\atlassian\commonmark\commonmark-ext-gfm-tables\0.10.0\commonmark-ext-gfm-tables-0.10.0.jar;G:\JavaWeb_install\maven\repository\org\springframework\boot\spring-boot-starter-jdbc\2.4.1\spring-boot-starter-jdbc-2.4.1.jar;G:\JavaWeb_install\maven\repository\com\zaxxer\HikariCP\3.4.5\HikariCP-3.4.5.jar;G:\JavaWeb_install\maven\repository\org\springframework\spring-jdbc\5.3.2\spring-jdbc-5.3.2.jar;G:\JavaWeb_install\maven\repository\org\springframework\boot\spring-boot-starter-aop\2.4.1\spring-boot-starter-aop-2.4.1.jar;G:\JavaWeb_install\maven\repository\org\springframework\spring-aop\5.3.2\spring-aop-5.3.2.jar;G:\JavaWeb_install\maven\repository\org\aspectj\aspectjweaver\1.9.6\aspectjweaver-1.9.6.jar;G:\JavaWeb_install\maven\repository\org\springframework\boot\spring-boot-starter-thymeleaf\2.4.1\spring-boot-starter-thymeleaf-2.4.1.jar;G:\JavaWeb_install\maven\repository\org\thymeleaf\thymeleaf-spring5\3.0.11.RELEASE\thymeleaf-spring5-3.0.11.RELEASE.jar;G:\JavaWeb_install\maven\repository\org\thymeleaf\thymeleaf\3.0.11.RELEASE\thymeleaf-3.0.11.RELEASE.jar;G:\JavaWeb_install\maven\repository\org\attoparser\attoparser\2.0.5.RELEASE\attoparser-2.0.5.RELEASE.jar;G:\JavaWeb_install\maven\repository\org\unbescape\unbescape\1.1.6.RELEASE\unbescape-1.1.6.RELEASE.jar;G:\JavaWeb_install\maven\repository\org\thymeleaf\extras\thymeleaf-extras-java8time\3.0.4.RELEASE\thymeleaf-extras-java8time-3.0.4.RELEASE.jar;G:\JavaWeb_install\maven\repository\org\springframework\boot\spring-boot-starter-web\2.4.1\spring-boot-starter-web-2.4.1.jar;G:\JavaWeb_install\maven\repository\org\springframework\boot\spring-boot-starter-json\2.4.1\spring-boot-starter-json-2.4.1.jar;G:\JavaWeb_install\maven\repository\com\fasterxml\jackson\core\jackson-databind\2.11.3\jackson-databind-2.11.3.jar;G:\JavaWeb_install\maven\repository\com\fasterxml\jackson\core\jackson-annotations\2.11.3\jackson-annotations-2.11.3.jar;G:\JavaWeb_install\maven\repository\com\fasterxml\jackson\core\jackson-core\2.11.3\jackson-core-2.11.3.jar;G:\JavaWeb_install\maven\repository\com\fasterxml\jackson\datatype\jackson-datatype-jdk8\2.11.3\jackson-datatype-jdk8-2.11.3.jar;G:\JavaWeb_install\maven\repository\com\fasterxml\jackson\datatype\jackson-datatype-jsr310\2.11.3\jackson-datatype-jsr310-2.11.3.jar;G:\JavaWeb_install\maven\repository\com\fasterxml\jackson\module\jackson-module-parameter-names\2.11.3\jackson-module-parameter-names-2.11.3.jar;G:\JavaWeb_install\maven\repository\org\springframework\boot\spring-boot-starter-tomcat\2.4.1\spring-boot-starter-tomcat-2.4.1.jar;G:\JavaWeb_install\maven\repository\org\apache\tomcat\embed\tomcat-embed-core\9.0.41\tomcat-embed-core-9.0.41.jar;G:\JavaWeb_install\maven\repository\org\glassfish\jakarta.el\3.0.3\jakarta.el-3.0.3.jar;G:\JavaWeb_install\maven\repository\org\apache\tomcat\embed\tomcat-embed-websocket\9.0.41\tomcat-embed-websocket-9.0.41.jar;G:\JavaWeb_install\maven\repository\org\springframework\spring-web\5.3.2\spring-web-5.3.2.jar;G:\JavaWeb_install\maven\repository\org\springframework\spring-webmvc\5.3.2\spring-webmvc-5.3.2.jar;G:\JavaWeb_install\maven\repository\org\springframework\spring-expression\5.3.2\spring-expression-5.3.2.jar;G:\JavaWeb_install\maven\repository\org\springframework\boot\spring-boot-devtools\2.4.1\spring-boot-devtools-2.4.1.jar;G:\JavaWeb_install\maven\repository\org\springframework\boot\spring-boot\2.4.1\spring-boot-2.4.1.jar;G:\JavaWeb_install\maven\repository\org\springframework\boot\spring-boot-autoconfigure\2.4.1\spring-boot-autoconfigure-2.4.1.jar;G:\JavaWeb_install\maven\repository\mysql\mysql-connector-java\8.0.22\mysql-connector-java-8.0.22.jar;G:\JavaWeb_install\maven\repository\org\projectlombok\lombok\1.18.16\lombok-1.18.16.jar;G:\JavaWeb_install\maven\repository\org\springframework\boot\spring-boot-starter-test\2.4.1\spring-boot-starter-test-2.4.1.jar;G:\JavaWeb_install\maven\repository\org\springframework\boot\spring-boot-test\2.4.1\spring-boot-test-2.4.1.jar;G:\JavaWeb_install\maven\repository\org\springframework\boot\spring-boot-test-autoconfigure\2.4.1\spring-boot-test-autoconfigure-2.4.1.jar;G:\JavaWeb_install\maven\repository\com\jayway\jsonpath\json-path\2.4.0\json-path-2.4.0.jar;G:\JavaWeb_install\maven\repository\net\minidev\json-smart\2.3\json-smart-2.3.jar;G:\JavaWeb_install\maven\repository\net\minidev\accessors-smart\1.2\accessors-smart-1.2.jar;G:\JavaWeb_install\maven\repository\org\ow2\asm\asm\5.0.4\asm-5.0.4.jar;G:\JavaWeb_install\maven\repository\jakarta\xml\bind\jakarta.xml.bind-api\2.3.3\jakarta.xml.bind-api-2.3.3.jar;G:\JavaWeb_install\maven\repository\jakarta\activation\jakarta.activation-api\1.2.2\jakarta.activation-api-1.2.2.jar;G:\JavaWeb_install\maven\repository\org\assertj\assertj-core\3.18.1\assertj-core-3.18.1.jar;G:\JavaWeb_install\maven\repository\org\hamcrest\hamcrest\2.2\hamcrest-2.2.jar;G:\JavaWeb_install\maven\repository\org\junit\jupiter\junit-jupiter\5.7.0\junit-jupiter-5.7.0.jar;G:\JavaWeb_install\maven\repository\org\junit\jupiter\junit-jupiter-api\5.7.0\junit-jupiter-api-5.7.0.jar;G:\JavaWeb_install\maven\repository\org\apiguardian\apiguardian-api\1.1.0\apiguardian-api-1.1.0.jar;G:\JavaWeb_install\maven\repository\org\opentest4j\opentest4j\1.2.0\opentest4j-1.2.0.jar;G:\JavaWeb_install\maven\repository\org\junit\platform\junit-platform-commons\1.7.0\junit-platform-commons-1.7.0.jar;G:\JavaWeb_install\maven\repository\org\junit\jupiter\junit-jupiter-params\5.7.0\junit-jupiter-params-5.7.0.jar;G:\JavaWeb_install\maven\repository\org\junit\jupiter\junit-jupiter-engine\5.7.0\junit-jupiter-engine-5.7.0.jar;G:\JavaWeb_install\maven\repository\org\junit\platform\junit-platform-engine\1.7.0\junit-platform-engine-1.7.0.jar;G:\JavaWeb_install\maven\repository\org\mockito\mockito-core\3.6.28\mockito-core-3.6.28.jar;G:\JavaWeb_install\maven\repository\net\bytebuddy\byte-buddy-agent\1.10.18\byte-buddy-agent-1.10.18.jar;G:\JavaWeb_install\maven\repository\org\objenesis\objenesis\3.1\objenesis-3.1.jar;G:\JavaWeb_install\maven\repository\org\mockito\mockito-junit-jupiter\3.6.28\mockito-junit-jupiter-3.6.28.jar;G:\JavaWeb_install\maven\repository\org\skyscreamer\jsonassert\1.5.0\jsonassert-1.5.0.jar;G:\JavaWeb_install\maven\repository\com\vaadin\external\google\android-json\0.0.20131108.vaadin1\android-json-0.0.20131108.vaadin1.jar;G:\JavaWeb_install\maven\repository\org\springframework\spring-core\5.3.2\spring-core-5.3.2.jar;G:\JavaWeb_install\maven\repository\org\springframework\spring-jcl\5.3.2\spring-jcl-5.3.2.jar;G:\JavaWeb_install\maven\repository\org\springframework\spring-test\5.3.2\spring-test-5.3.2.jar;G:\JavaWeb_install\maven\repository\org\xmlunit\xmlunit-core\2.7.0\xmlunit-core-2.7.0.jar;G:\JavaWeb_install\maven\repository\org\hibernate\validator\hibernate-validator\6.1.6.Final\hibernate-validator-6.1.6.Final.jar;G:\JavaWeb_install\maven\repository\jakarta\validation\jakarta.validation-api\2.0.2\jakarta.validation-api-2.0.2.jar;G:\JavaWeb_install\maven\repository\org\jboss\logging\jboss-logging\3.4.1.Final\jboss-logging-3.4.1.Final.jar;G:\JavaWeb_install\maven\repository\com\fasterxml\classmate\1.5.1\classmate-1.5.1.jar;"/>
    <property name="sun.cpu.endian" value="little"/>
    <property name="user.home" value="C:\Users\qzh"/>
    <property name="user.language" value="zh"/>
    <property name="java.specification.vendor" value="Oracle Corporation"/>
    <property name="java.home" value="E:\Java\jdk1.8.0_172\jre"/>
    <property name="basedir" value="F:\IdeaProjects\springBoot\blog"/>
    <property name="file.separator" value="\"/>
    <property name="line.separator" value="&#10;"/>
    <property name="java.vm.specification.vendor" value="Oracle Corporation"/>
    <property name="java.specification.name" value="Java Platform API Specification"/>
    <property name="java.awt.graphicsenv" value="sun.awt.Win32GraphicsEnvironment"/>
    <property name="idea.version2020.1.3" value="true"/>
    <property name="surefire.real.class.path" value="C:\Users\qzh\AppData\Local\Temp\surefire3763032717142686273\surefirebooter3123736932151672091.jar"/>
    <property name="sun.boot.class.path" value="E:\Java\jdk1.8.0_172\jre\lib\resources.jar;E:\Java\jdk1.8.0_172\jre\lib\rt.jar;E:\Java\jdk1.8.0_172\jre\lib\sunrsasign.jar;E:\Java\jdk1.8.0_172\jre\lib\jsse.jar;E:\Java\jdk1.8.0_172\jre\lib\jce.jar;E:\Java\jdk1.8.0_172\jre\lib\charsets.jar;E:\Java\jdk1.8.0_172\jre\lib\jfr.jar;E:\Java\jdk1.8.0_172\jre\classes"/>
    <property name="user.script" value=""/>
    <property name="sun.management.compiler" value="HotSpot 64-Bit Tiered Compilers"/>
    <property name="java.runtime.version" value="1.8.0_172-b11"/>
    <property name="user.name" value="qzh"/>
    <property name="path.separator" value=";"/>
    <property name="os.version" value="10.0"/>
    <property name="java.endorsed.dirs" value="E:\Java\jdk1.8.0_172\jre\lib\endorsed"/>
    <property name="java.runtime.name" value="Java(TM) SE Runtime Environment"/>
    <property name="file.encoding" value="GBK"/>
    <property name="java.vm.name" value="Java HotSpot(TM) 64-Bit Server VM"/>
    <property name="localRepository" value="G:\JavaWeb_install\maven\repository"/>
    <property name="java.vendor.url.bug" value="http://bugreport.sun.com/bugreport/"/>
    <property name="java.io.tmpdir" value="C:\Users\qzh\AppData\Local\Temp\"/>
    <property name="java.version" value="1.8.0_172"/>
    <property name="user.dir" value="F:\IdeaProjects\springBoot\blog"/>
    <property name="os.arch" value="amd64"/>
    <property name="java.vm.specification.name" value="Java Virtual Machine Specification"/>
    <property name="java.awt.printerjob" value="sun.awt.windows.WPrinterJob"/>
    <property name="sun.os.patch.level" value=""/>
    <property name="java.library.path" value="E:\Java\jdk1.8.0_172\jre\bin;C:\WINDOWS\Sun\Java\bin;C:\WINDOWS\system32;C:\WINDOWS;C:\Program Files (x86)\Common Files\Oracle\Java\javapath;C:\windows\system32;C:\windows;C:\windows\System32\Wbem;C:\windows\System32\WindowsPowerShell\v1.0\;C:\windows\System32\OpenSSH\;C:\Program Files (x86)\NVIDIA Corporation\PhysX\Common;C:\Program Files\Intel\WiFi\bin\;C:\Program Files\Common Files\Intel\WirelessCommon\;E:\mysql-5.7.19-winx64\bin\;C:\Program Files\NVIDIA Corporation\NVIDIA NvDLISR;C:\WINDOWS\system32;C:\WINDOWS;C:\WINDOWS\System32\Wbem;C:\WINDOWS\System32\WindowsPowerShell\v1.0\;C:\WINDOWS\System32\OpenSSH\;E:\Java\jdk1.8.0_172\bin;&quot;;E:\Java\jdk1.8.0_172\bin;C:\Program Files\dotnet\;E:\Android\Sdk;F:\platform-tools;F:\scrcpy-win64-v1.10;G:\JavaWeb_install\maven\apache-maven-3.6.3\bin;E:\Git\cmd;G:\JavaWeb_install\nodejs\;G:\JavaWeb_install\WinSCP\;G:\JavaWeb_install\Xshell 7\;G:\Python_install\Python\Python37\Scripts\;G:\Python_install\Python\Python37\;C:\Users\qzh\AppData\Local\Microsoft\WindowsApps;E:\Bandizip\;E:\IntelliJ IDEA 2019.3.3\bin;;E:\Microsoft VS Code\bin;C:\Users\qzh\AppData\Roaming\npm;E:\JetBrains\WebStorm 2020.1\bin;;;."/>
    <property name="java.vm.info" value="mixed mode"/>
    <property name="java.vendor" value="Oracle Corporation"/>
    <property name="java.vm.version" value="25.172-b11"/>
    <property name="java.ext.dirs" value="E:\Java\jdk1.8.0_172\jre\lib\ext;C:\WINDOWS\Sun\Java\lib\ext"/>
    <property name="sun.io.unicode.encoding" value="UnicodeLittle"/>
    <property name="java.class.version" value="52.0"/>
  </properties>
  <testcase name="contextLoads" classname="com.qzh.BlogApplicationTests" time="0.098"/>
</testsuite>